# JRE version: Java(TM) SE Runtime Environment (16.0.2+7) (build 16.0.2+7-67)
# Java VM: Java HotSpot(TM) 64-Bit Server VM (16.0.2+7-67, mixed mode, sharing, tiered, compressed oops, compressed class ptrs, g1 gc, windows-amd64)
GC Precious Log:
 CPUs: 4 total, 4 available
 Memory: 8047M
 Large Page Support: Disabled
 NUMA Support: Disabled
 Compressed Oops: Enabled (32-bit)
 Heap Region Size: 1M
 Heap Min Capacity: 8M
 Heap Initial Capacity: 126M
 Heap Max Capacity: 2012M
 Pre-touch: Disabled
 Parallel Workers: 4
 Concurrent Workers: 1
 Concurrent Refinement Workers: 4
 Periodic GC: Disabled
Heap:
 garbage-first heap   total 73728K, used 30741K [0x0000000082400000, 0x0000000100000000)
  region size 1024K, 3 young (3072K), 1 survivors (1024K)
 Metaspace       used 25558K, committed 25792K, reserved 1073152K
  class space    used 2768K, committed 2880K, reserved 1048576K
GC Heap History (20 events):
Event: 72.389 GC heap before
{Heap before GC invocations=8 (full 0):
 garbage-first heap   total 51200K, used 22576K [0x0000000082400000, 0x0000000100000000)
  region size 1024K, 2 young (2048K), 1 survivors (1024K)
 Metaspace       used 25524K, committed 25728K, reserved 1073152K
  class space    used 2766K, committed 2880K, reserved 1048576K
}
Event: 72.392 GC heap after
{Heap after GC invocations=9 (full 0):
 garbage-first heap   total 51200K, used 19447K [0x0000000082400000, 0x0000000100000000)
  region size 1024K, 1 young (1024K), 1 survivors (1024K)
 Metaspace       used 25524K, committed 25728K, reserved 1073152K
  class space    used 2766K, committed 2880K, reserved 1048576K
}
Event: 72.432 GC heap before
{Heap before GC invocations=9 (full 0):
 garbage-first heap   total 51200K, used 22519K [0x0000000082400000, 0x0000000100000000)
  region size 1024K, 2 young (2048K), 1 survivors (1024K)
 Metaspace       used 25524K, committed 25728K, reserved 1073152K
  class space    used 2766K, committed 2880K, reserved 1048576K
}
Event: 72.434 GC heap after
{Heap after GC invocations=10 (full 0):
 garbage-first heap   total 51200K, used 20468K [0x0000000082400000, 0x0000000100000000)
  region size 1024K, 1 young (1024K), 1 survivors (1024K)
 Metaspace       used 25524K, committed 25728K, reserved 1073152K
  class space    used 2766K, committed 2880K, reserved 1048576K
}
Event: 72.472 GC heap before
{Heap before GC invocations=10 (full 0):
 garbage-first heap   total 51200K, used 22516K [0x0000000082400000, 0x0000000100000000)
  region size 1024K, 2 young (2048K), 1 survivors (1024K)
 Metaspace       used 25524K, committed 25728K, reserved 1073152K
  class space    used 2766K, committed 2880K, reserved 1048576K
}
Event: 72.474 GC heap after
{Heap after GC invocations=11 (full 0):
 garbage-first heap   total 51200K, used 20463K [0x0000000082400000, 0x0000000100000000)
  region size 1024K, 1 young (1024K), 1 survivors (1024K)
 Metaspace       used 25524K, committed 25728K, reserved 1073152K
  class space    used 2766K, committed 2880K, reserved 1048576K
}
Event: 72.509 GC heap before
{Heap before GC invocations=11 (full 0):
 garbage-first heap   total 51200K, used 22511K [0x0000000082400000, 0x0000000100000000)
  region size 1024K, 2 young (2048K), 1 survivors (1024K)
 Metaspace       used 25524K, committed 25728K, reserved 1073152K
  class space    used 2766K, committed 2880K, reserved 1048576K
}
Event: 72.511 GC heap after
{Heap after GC invocations=12 (full 0):
 garbage-first heap   total 73728K, used 20463K [0x0000000082400000, 0x0000000100000000)
  region size 1024K, 1 young (1024K), 1 survivors (1024K)
 Metaspace       used 25524K, committed 25728K, reserved 1073152K
  class space    used 2766K, committed 2880K, reserved 1048576K
}
Event: 72.733 GC heap before
{Heap before GC invocations=12 (full 0):
 garbage-first heap   total 73728K, used 32751K [0x0000000082400000, 0x0000000100000000)
  region size 1024K, 2 young (2048K), 1 survivors (1024K)
 Metaspace       used 25529K, committed 25728K, reserved 1073152K
  class space    used 2766K, committed 2880K, reserved 1048576K
}
Event: 72.735 GC heap after
{Heap after GC invocations=13 (full 0):
 garbage-first heap   total 73728K, used 25587K [0x0000000082400000, 0x0000000100000000)
  region size 1024K, 1 young (1024K), 1 survivors (1024K)
 Metaspace       used 25529K, committed 25728K, reserved 1073152K
  class space    used 2766K, committed 2880K, reserved 1048576K
}
Event: 72.967 GC heap before
{Heap before GC invocations=13 (full 0):
 garbage-first heap   total 73728K, used 32755K [0x0000000082400000, 0x0000000100000000)
  region size 1024K, 2 young (2048K), 1 survivors (1024K)
 Metaspace       used 25530K, committed 25728K, reserved 1073152K
  class space    used 2766K, committed 2880K, reserved 1048576K
}
Event: 72.969 GC heap after
{Heap after GC invocations=14 (full 0):
 garbage-first heap   total 73728K, used 22508K [0x0000000082400000, 0x0000000100000000)
  region size 1024K, 1 young (1024K), 1 survivors (1024K)
 Metaspace       used 25530K, committed 25728K, reserved 1073152K
  class space    used 2766K, committed 2880K, reserved 1048576K
}
Event: 73.401 GC heap before
{Heap before GC invocations=14 (full 0):
 garbage-first heap   total 73728K, used 32748K [0x0000000082400000, 0x0000000100000000)
  region size 1024K, 2 young (2048K), 1 survivors (1024K)
 Metaspace       used 25535K, committed 25728K, reserved 1073152K
  class space    used 2766K, committed 2880K, reserved 1048576K
}
Event: 73.405 GC heap after
{Heap after GC invocations=15 (full 0):
 garbage-first heap   total 73728K, used 23558K [0x0000000082400000, 0x0000000100000000)
  region size 1024K, 1 young (1024K), 1 survivors (1024K)
 Metaspace       used 25535K, committed 25728K, reserved 1073152K
  class space    used 2766K, committed 2880K, reserved 1048576K
}
Event: 73.655 GC heap before
{Heap before GC invocations=15 (full 0):
 garbage-first heap   total 73728K, used 32774K [0x0000000082400000, 0x0000000100000000)
  region size 1024K, 2 young (2048K), 1 survivors (1024K)
 Metaspace       used 25542K, committed 25728K, reserved 1073152K
  class space    used 2766K, committed 2880K, reserved 1048576K
}
Event: 73.660 GC heap after
{Heap after GC invocations=16 (full 0):
 garbage-first heap   total 73728K, used 23574K [0x0000000082400000, 0x0000000100000000)
  region size 1024K, 1 young (1024K), 1 survivors (1024K)
 Metaspace       used 25542K, committed 25728K, reserved 1073152K
  class space    used 2766K, committed 2880K, reserved 1048576K
}
Event: 74.040 GC heap before
{Heap before GC invocations=16 (full 0):
 garbage-first heap   total 73728K, used 32790K [0x0000000082400000, 0x0000000100000000)
  region size 1024K, 2 young (2048K), 1 survivors (1024K)
 Metaspace       used 25545K, committed 25728K, reserved 1073152K
  class space    used 2766K, committed 2880K, reserved 1048576K
}
Event: 74.042 GC heap after
{Heap after GC invocations=17 (full 0):
 garbage-first heap   total 73728K, used 23559K [0x0000000082400000, 0x0000000100000000)
  region size 1024K, 1 young (1024K), 1 survivors (1024K)
 Metaspace       used 25545K, committed 25728K, reserved 1073152K
  class space    used 2766K, committed 2880K, reserved 1048576K
}
Event: 74.300 GC heap before
{Heap before GC invocations=17 (full 0):
 garbage-first heap   total 73728K, used 32775K [0x0000000082400000, 0x0000000100000000)
  region size 1024K, 2 young (2048K), 1 survivors (1024K)
 Metaspace       used 25545K, committed 25728K, reserved 1073152K
  class space    used 2766K, committed 2880K, reserved 1048576K
}
Event: 74.303 GC heap after
{Heap after GC invocations=18 (full 0):
 garbage-first heap   total 73728K, used 23573K [0x0000000082400000, 0x0000000100000000)
  region size 1024K, 1 young (1024K), 1 survivors (1024K)
 Metaspace       used 25545K, committed 25728K, reserved 1073152K
  class space    used 2766K, committed 2880K, reserved 1048576K
}

